This is pdfTeX, Version 3.141592653-2.6-1.40.26 (MiKTeX 24.4) (preloaded format=pdflatex 2024.10.6)  26 SEP 2025 12:30
entering extended mode
 restricted \write18 enabled.
 file:line:error style messages enabled.
 %&-line parsing enabled.
**c:/Users/antwa/Documents/Github/adierckx.github.io/Template_DocHub/Template_DocHub.tex
(c:/Users/antwa/Documents/Github/adierckx.github.io/Template_DocHub/Template_DocHub.tex
LaTeX2e <2024-06-01> patch level 2
L3 programming layer <2024-08-30>
(C:\Users\antwa\AppData\Local\Programs\MiKTeX\tex/latex/base\article.cls
Document Class: article 2024/02/08 v1.4n Standard LaTeX document class
(C:\Users\antwa\AppData\Local\Programs\MiKTeX\tex/latex/base\size11.clo
File: size11.clo 2024/02/08 v1.4n Standard LaTeX file (size option)
)
\c@part=\count194
\c@section=\count195
\c@subsection=\count196
\c@subsubsection=\count197
\c@paragraph=\count198
\c@subparagraph=\count199
\c@figure=\count266
\c@table=\count267
\abovecaptionskip=\skip49
\belowcaptionskip=\skip50
\bibindent=\dimen141
) (C:\Users\antwa\AppData\Local\Programs\MiKTeX\tex/latex/geometry\geometry.sty
Package: geometry 2020/01/02 v5.9 Page Geometry
 (C:\Users\antwa\AppData\Local\Programs\MiKTeX\tex/latex/graphics\keyval.sty
Package: keyval 2022/05/29 v1.15 key=value parser (DPC)
\KV@toks@=\toks17
) (C:\Users\antwa\AppData\Local\Programs\MiKTeX\tex/generic/iftex\ifvtex.sty
Package: ifvtex 2019/10/25 v1.7 ifvtex legacy package. Use iftex instead.
 (C:\Users\antwa\AppData\Local\Programs\MiKTeX\tex/generic/iftex\iftex.sty
Package: iftex 2022/02/03 v1.0f TeX engine tests
))
\Gm@cnth=\count268
\Gm@cntv=\count269
\c@Gm@tempcnt=\count270
\Gm@bindingoffset=\dimen142
\Gm@wd@mp=\dimen143
\Gm@odd@mp=\dimen144
\Gm@even@mp=\dimen145
\Gm@layoutwidth=\dimen146
\Gm@layoutheight=\dimen147
\Gm@layouthoffset=\dimen148
\Gm@layoutvoffset=\dimen149
\Gm@dimlist=\toks18
 (C:\Users\antwa\AppData\Local\Programs\MiKTeX\tex/latex/geometry\geometry.cfg)) (C:\Users\antwa\AppData\Local\Programs\MiKTeX\tex/latex/base\fontenc.sty
Package: fontenc 2021/04/29 v2.0v Standard LaTeX package
) (C:\Users\antwa\AppData\Local\Programs\MiKTeX\tex/latex/base\inputenc.sty
Package: inputenc 2024/02/08 v1.3d Input encoding file
\inpenc@prehook=\toks19
\inpenc@posthook=\toks20
) (C:\Users\antwa\AppData\Local\Programs\MiKTeX\tex/latex/lm\lmodern.sty
Package: lmodern 2015/05/01 v1.6.1 Latin Modern Fonts
LaTeX Font Info:    Overwriting symbol font `operators' in version `normal'
(Font)                  OT1/cmr/m/n --> OT1/lmr/m/n on input line 22.
LaTeX Font Info:    Overwriting symbol font `letters' in version `normal'
(Font)                  OML/cmm/m/it --> OML/lmm/m/it on input line 23.
LaTeX Font Info:    Overwriting symbol font `symbols' in version `normal'
(Font)                  OMS/cmsy/m/n --> OMS/lmsy/m/n on input line 24.
LaTeX Font Info:    Overwriting symbol font `largesymbols' in version `normal'
(Font)                  OMX/cmex/m/n --> OMX/lmex/m/n on input line 25.
LaTeX Font Info:    Overwriting symbol font `operators' in version `bold'
(Font)                  OT1/cmr/bx/n --> OT1/lmr/bx/n on input line 26.
LaTeX Font Info:    Overwriting symbol font `letters' in version `bold'
(Font)                  OML/cmm/b/it --> OML/lmm/b/it on input line 27.
LaTeX Font Info:    Overwriting symbol font `symbols' in version `bold'
(Font)                  OMS/cmsy/b/n --> OMS/lmsy/b/n on input line 28.
LaTeX Font Info:    Overwriting symbol font `largesymbols' in version `bold'
(Font)                  OMX/cmex/m/n --> OMX/lmex/m/n on input line 29.
LaTeX Font Info:    Overwriting math alphabet `\mathbf' in version `normal'
(Font)                  OT1/cmr/bx/n --> OT1/lmr/bx/n on input line 31.
LaTeX Font Info:    Overwriting math alphabet `\mathsf' in version `normal'
(Font)                  OT1/cmss/m/n --> OT1/lmss/m/n on input line 32.
LaTeX Font Info:    Overwriting math alphabet `\mathit' in version `normal'
(Font)                  OT1/cmr/m/it --> OT1/lmr/m/it on input line 33.
LaTeX Font Info:    Overwriting math alphabet `\mathtt' in version `normal'
(Font)                  OT1/cmtt/m/n --> OT1/lmtt/m/n on input line 34.
LaTeX Font Info:    Overwriting math alphabet `\mathbf' in version `bold'
(Font)                  OT1/cmr/bx/n --> OT1/lmr/bx/n on input line 35.
LaTeX Font Info:    Overwriting math alphabet `\mathsf' in version `bold'
(Font)                  OT1/cmss/bx/n --> OT1/lmss/bx/n on input line 36.
LaTeX Font Info:    Overwriting math alphabet `\mathit' in version `bold'
(Font)                  OT1/cmr/bx/it --> OT1/lmr/bx/it on input line 37.
LaTeX Font Info:    Overwriting math alphabet `\mathtt' in version `bold'
(Font)                  OT1/cmtt/m/n --> OT1/lmtt/m/n on input line 38.
) (C:\Users\antwa\AppData\Local\Programs\MiKTeX\tex/latex/microtype\microtype.sty
Package: microtype 2025/07/09 v3.2b Micro-typographical refinements (RS)
 (C:\Users\antwa\AppData\Local\Programs\MiKTeX\tex/latex/etoolbox\etoolbox.sty
Package: etoolbox 2020/10/05 v2.5k e-TeX tools for LaTeX (JAW)
\etb@tempcnta=\count271
)
\MT@toks=\toks21
\MT@tempbox=\box52
\MT@count=\count272
LaTeX Info: Redefining \noprotrusionifhmode on input line 1087.
LaTeX Info: Redefining \leftprotrusion on input line 1088.
\MT@prot@toks=\toks22
LaTeX Info: Redefining \rightprotrusion on input line 1107.
LaTeX Info: Redefining \textls on input line 1449.
\MT@outer@kern=\dimen150
LaTeX Info: Redefining \microtypecontext on input line 2053.
LaTeX Info: Redefining \textmicrotypecontext on input line 2070.
\MT@listname@count=\count273
 (C:\Users\antwa\AppData\Local\Programs\MiKTeX\tex/latex/microtype\microtype-pdftex.def
File: microtype-pdftex.def 2025/07/09 v3.2b Definitions specific to pdftex (RS)
LaTeX Info: Redefining \lsstyle on input line 944.
LaTeX Info: Redefining \lslig on input line 944.
\MT@outer@space=\skip51
)
Package microtype Info: Loading configuration file microtype.cfg.
 (C:\Users\antwa\AppData\Local\Programs\MiKTeX\tex/latex/microtype\microtype.cfg
File: microtype.cfg 2025/07/09 v3.2b microtype main configuration file (RS)
)
LaTeX Info: Redefining \microtypesetup on input line 3065.
) (C:\Users\antwa\AppData\Local\Programs\MiKTeX\tex/latex/graphics\graphicx.sty
Package: graphicx 2021/09/16 v1.2d Enhanced LaTeX Graphics (DPC,SPQR)
 (C:\Users\antwa\AppData\Local\Programs\MiKTeX\tex/latex/graphics\graphics.sty
Package: graphics 2024/05/23 v1.4g Standard LaTeX Graphics (DPC,SPQR)
 (C:\Users\antwa\AppData\Local\Programs\MiKTeX\tex/latex/graphics\trig.sty
Package: trig 2023/12/02 v1.11 sin cos tan (DPC)
) (C:\Users\antwa\AppData\Local\Programs\MiKTeX\tex/latex/graphics-cfg\graphics.cfg
File: graphics.cfg 2016/06/04 v1.11 sample graphics configuration
)
Package graphics Info: Driver file: pdftex.def on input line 106.
 (C:\Users\antwa\AppData\Local\Programs\MiKTeX\tex/latex/graphics-def\pdftex.def
File: pdftex.def 2024/04/13 v1.2c Graphics/color driver for pdftex
))
\Gin@req@height=\dimen151
\Gin@req@width=\dimen152
) (C:\Users\antwa\AppData\Local\Programs\MiKTeX\tex/latex/xcolor\xcolor.sty
Package: xcolor 2023/11/15 v3.01 LaTeX color extensions (UK)
 (C:\Users\antwa\AppData\Local\Programs\MiKTeX\tex/latex/graphics-cfg\color.cfg
File: color.cfg 2016/01/02 v1.6 sample color configuration
)
Package xcolor Info: Driver file: pdftex.def on input line 274.
 (C:\Users\antwa\AppData\Local\Programs\MiKTeX\tex/latex/graphics\mathcolor.ltx)
Package xcolor Info: Model `cmy' substituted by `cmy0' on input line 1350.
Package xcolor Info: Model `hsb' substituted by `rgb' on input line 1354.
Package xcolor Info: Model `RGB' extended on input line 1366.
Package xcolor Info: Model `HTML' substituted by `rgb' on input line 1368.
Package xcolor Info: Model `Hsb' substituted by `hsb' on input line 1369.
Package xcolor Info: Model `tHsb' substituted by `hsb' on input line 1370.
Package xcolor Info: Model `HSB' substituted by `hsb' on input line 1371.
Package xcolor Info: Model `Gray' substituted by `gray' on input line 1372.
Package xcolor Info: Model `wave' substituted by `hsb' on input line 1373.
) (C:\Users\antwa\AppData\Local\Programs\MiKTeX\tex/latex/hyperref\hyperref.sty
Package: hyperref 2024-07-10 v7.01j Hypertext links for LaTeX
 (C:\Users\antwa\AppData\Local\Programs\MiKTeX\tex/latex/kvsetkeys\kvsetkeys.sty
Package: kvsetkeys 2022-10-05 v1.19 Key value parser (HO)
) (C:\Users\antwa\AppData\Local\Programs\MiKTeX\tex/generic/kvdefinekeys\kvdefinekeys.sty
Package: kvdefinekeys 2019-12-19 v1.6 Define keys (HO)
) (C:\Users\antwa\AppData\Local\Programs\MiKTeX\tex/generic/pdfescape\pdfescape.sty
Package: pdfescape 2019/12/09 v1.15 Implements pdfTeX's escape features (HO)
 (C:\Users\antwa\AppData\Local\Programs\MiKTeX\tex/generic/ltxcmds\ltxcmds.sty
Package: ltxcmds 2023-12-04 v1.26 LaTeX kernel commands for general use (HO)
) (C:\Users\antwa\AppData\Local\Programs\MiKTeX\tex/generic/pdftexcmds\pdftexcmds.sty
Package: pdftexcmds 2020-06-27 v0.33 Utility functions of pdfTeX for LuaTeX (HO)
 (C:\Users\antwa\AppData\Local\Programs\MiKTeX\tex/generic/infwarerr\infwarerr.sty
Package: infwarerr 2019/12/03 v1.5 Providing info/warning/error messages (HO)
)
Package pdftexcmds Info: \pdf@primitive is available.
Package pdftexcmds Info: \pdf@ifprimitive is available.
Package pdftexcmds Info: \pdfdraftmode found.
)) (C:\Users\antwa\AppData\Local\Programs\MiKTeX\tex/latex/hycolor\hycolor.sty
Package: hycolor 2020-01-27 v1.10 Color options for hyperref/bookmark (HO)
) (C:\Users\antwa\AppData\Local\Programs\MiKTeX\tex/latex/hyperref\nameref.sty
Package: nameref 2023-11-26 v2.56 Cross-referencing by name of section
 (C:\Users\antwa\AppData\Local\Programs\MiKTeX\tex/latex/refcount\refcount.sty
Package: refcount 2019/12/15 v3.6 Data extraction from label references (HO)
) (C:\Users\antwa\AppData\Local\Programs\MiKTeX\tex/generic/gettitlestring\gettitlestring.sty
Package: gettitlestring 2019/12/15 v1.6 Cleanup title references (HO)
 (C:\Users\antwa\AppData\Local\Programs\MiKTeX\tex/latex/kvoptions\kvoptions.sty
Package: kvoptions 2022-06-15 v3.15 Key value format for package options (HO)
))
\c@section@level=\count274
) (C:\Users\antwa\AppData\Local\Programs\MiKTeX\tex/generic/stringenc\stringenc.sty
Package: stringenc 2019/11/29 v1.12 Convert strings between diff. encodings (HO)
)
\@linkdim=\dimen153
\Hy@linkcounter=\count275
\Hy@pagecounter=\count276
 (C:\Users\antwa\AppData\Local\Programs\MiKTeX\tex/latex/hyperref\pd1enc.def
File: pd1enc.def 2024-07-10 v7.01j Hyperref: PDFDocEncoding definition (HO)
Now handling font encoding PD1 ...
... no UTF-8 mapping file for font encoding PD1
) (C:\Users\antwa\AppData\Local\Programs\MiKTeX\tex/generic/intcalc\intcalc.sty
Package: intcalc 2019/12/15 v1.3 Expandable calculations with integers (HO)
)
\Hy@SavedSpaceFactor=\count277
 (C:\Users\antwa\AppData\Local\Programs\MiKTeX\tex/latex/hyperref\puenc.def
File: puenc.def 2024-07-10 v7.01j Hyperref: PDF Unicode definition (HO)
Now handling font encoding PU ...
... no UTF-8 mapping file for font encoding PU
)
Package hyperref Info: Hyper figures OFF on input line 4157.
Package hyperref Info: Link nesting OFF on input line 4162.
Package hyperref Info: Hyper index ON on input line 4165.
Package hyperref Info: Plain pages OFF on input line 4172.
Package hyperref Info: Backreferencing OFF on input line 4177.
Package hyperref Info: Implicit mode ON; LaTeX internals redefined.
Package hyperref Info: Bookmarks ON on input line 4424.
\c@Hy@tempcnt=\count278
 (C:\Users\antwa\AppData\Local\Programs\MiKTeX\tex/latex/url\url.sty
\Urlmuskip=\muskip17
Package: url 2013/09/16  ver 3.4  Verb mode for urls, etc.
)
LaTeX Info: Redefining \url on input line 4763.
\XeTeXLinkMargin=\dimen154
 (C:\Users\antwa\AppData\Local\Programs\MiKTeX\tex/generic/bitset\bitset.sty
Package: bitset 2019/12/09 v1.3 Handle bit-vector datatype (HO)
 (C:\Users\antwa\AppData\Local\Programs\MiKTeX\tex/generic/bigintcalc\bigintcalc.sty
Package: bigintcalc 2019/12/15 v1.5 Expandable calculations on big integers (HO)
))
\Fld@menulength=\count279
\Field@Width=\dimen155
\Fld@charsize=\dimen156
Package hyperref Info: Hyper figures OFF on input line 6042.
Package hyperref Info: Link nesting OFF on input line 6047.
Package hyperref Info: Hyper index ON on input line 6050.
Package hyperref Info: backreferencing OFF on input line 6057.
Package hyperref Info: Link coloring OFF on input line 6062.
Package hyperref Info: Link coloring with OCG OFF on input line 6067.
Package hyperref Info: PDF/A mode OFF on input line 6072.
 (C:\Users\antwa\AppData\Local\Programs\MiKTeX\tex/latex/base\atbegshi-ltx.sty
Package: atbegshi-ltx 2021/01/10 v1.0c Emulation of the original atbegshi
package with kernel methods
)
\Hy@abspage=\count280
\c@Item=\count281
\c@Hfootnote=\count282
)
Package hyperref Info: Driver (autodetected): hpdftex.
 (C:\Users\antwa\AppData\Local\Programs\MiKTeX\tex/latex/hyperref\hpdftex.def
File: hpdftex.def 2024-07-10 v7.01j Hyperref driver for pdfTeX
 (C:\Users\antwa\AppData\Local\Programs\MiKTeX\tex/latex/base\atveryend-ltx.sty
Package: atveryend-ltx 2020/08/19 v1.0a Emulation of the original atveryend package
with kernel methods
)
\Fld@listcount=\count283
\c@bookmark@seq@number=\count284
 (C:\Users\antwa\AppData\Local\Programs\MiKTeX\tex/latex/rerunfilecheck\rerunfilecheck.sty
Package: rerunfilecheck 2022-07-10 v1.10 Rerun checks for auxiliary files (HO)
 (C:\Users\antwa\AppData\Local\Programs\MiKTeX\tex/generic/uniquecounter\uniquecounter.sty
Package: uniquecounter 2019/12/15 v1.4 Provide unlimited unique counter (HO)
)
Package uniquecounter Info: New unique counter `rerunfilecheck' on input line 285.
)
\Hy@SectionHShift=\skip52
)
Package hyperref Info: Option `colorlinks' set `true' on input line 31.
 (C:\Users\antwa\AppData\Local\Programs\MiKTeX\tex/latex/tcolorbox\tcolorbox.sty
Package: tcolorbox 2024/07/10 version 6.3.0 text color boxes
 (C:\Users\antwa\AppData\Local\Programs\MiKTeX\tex/latex/pgf/frontendlayer\tikz.sty (C:\Users\antwa\AppData\Local\Programs\MiKTeX\tex/latex/pgf/basiclayer\pgf.sty (C:\Users\antwa\AppData\Local\Programs\MiKTeX\tex/latex/pgf/utilities\pgfrcs.sty (C:\Users\antwa\AppData\Local\Programs\MiKTeX\tex/generic/pgf/utilities\pgfutil-common.tex
\pgfutil@everybye=\toks23
\pgfutil@tempdima=\dimen157
\pgfutil@tempdimb=\dimen158
) (C:\Users\antwa\AppData\Local\Programs\MiKTeX\tex/generic/pgf/utilities\pgfutil-latex.def
\pgfutil@abb=\box53
) (C:\Users\antwa\AppData\Local\Programs\MiKTeX\tex/generic/pgf/utilities\pgfrcs.code.tex (C:\Users\antwa\AppData\Local\Programs\MiKTeX\tex/generic/pgf\pgf.revision.tex)
Package: pgfrcs 2023-01-15 v3.1.10 (3.1.10)
))
Package: pgf 2023-01-15 v3.1.10 (3.1.10)
 (C:\Users\antwa\AppData\Local\Programs\MiKTeX\tex/latex/pgf/basiclayer\pgfcore.sty (C:\Users\antwa\AppData\Local\Programs\MiKTeX\tex/latex/pgf/systemlayer\pgfsys.sty (C:\Users\antwa\AppData\Local\Programs\MiKTeX\tex/generic/pgf/systemlayer\pgfsys.code.tex
Package: pgfsys 2023-01-15 v3.1.10 (3.1.10)
 (C:\Users\antwa\AppData\Local\Programs\MiKTeX\tex/generic/pgf/utilities\pgfkeys.code.tex
\pgfkeys@pathtoks=\toks24
\pgfkeys@temptoks=\toks25
 (C:\Users\antwa\AppData\Local\Programs\MiKTeX\tex/generic/pgf/utilities\pgfkeyslibraryfiltered.code.tex
\pgfkeys@tmptoks=\toks26
))
\pgf@x=\dimen159
\pgf@y=\dimen160
\pgf@xa=\dimen161
\pgf@ya=\dimen162
\pgf@xb=\dimen163
\pgf@yb=\dimen164
\pgf@xc=\dimen165
\pgf@yc=\dimen166
\pgf@xd=\dimen167
\pgf@yd=\dimen168
\w@pgf@writea=\write3
\r@pgf@reada=\read2
\c@pgf@counta=\count285
\c@pgf@countb=\count286
\c@pgf@countc=\count287
\c@pgf@countd=\count288
\t@pgf@toka=\toks27
\t@pgf@tokb=\toks28
\t@pgf@tokc=\toks29
\pgf@sys@id@count=\count289
 (C:\Users\antwa\AppData\Local\Programs\MiKTeX\tex/generic/pgf/systemlayer\pgf.cfg
File: pgf.cfg 2023-01-15 v3.1.10 (3.1.10)
)
Driver file for pgf: pgfsys-pdftex.def
 (C:\Users\antwa\AppData\Local\Programs\MiKTeX\tex/generic/pgf/systemlayer\pgfsys-pdftex.def
File: pgfsys-pdftex.def 2023-01-15 v3.1.10 (3.1.10)
 (C:\Users\antwa\AppData\Local\Programs\MiKTeX\tex/generic/pgf/systemlayer\pgfsys-common-pdf.def
File: pgfsys-common-pdf.def 2023-01-15 v3.1.10 (3.1.10)
))) (C:\Users\antwa\AppData\Local\Programs\MiKTeX\tex/generic/pgf/systemlayer\pgfsyssoftpath.code.tex
File: pgfsyssoftpath.code.tex 2023-01-15 v3.1.10 (3.1.10)
\pgfsyssoftpath@smallbuffer@items=\count290
\pgfsyssoftpath@bigbuffer@items=\count291
) (C:\Users\antwa\AppData\Local\Programs\MiKTeX\tex/generic/pgf/systemlayer\pgfsysprotocol.code.tex
File: pgfsysprotocol.code.tex 2023-01-15 v3.1.10 (3.1.10)
)) (C:\Users\antwa\AppData\Local\Programs\MiKTeX\tex/generic/pgf/basiclayer\pgfcore.code.tex
Package: pgfcore 2023-01-15 v3.1.10 (3.1.10)
 (C:\Users\antwa\AppData\Local\Programs\MiKTeX\tex/generic/pgf/math\pgfmath.code.tex (C:\Users\antwa\AppData\Local\Programs\MiKTeX\tex/generic/pgf/math\pgfmathutil.code.tex) (C:\Users\antwa\AppData\Local\Programs\MiKTeX\tex/generic/pgf/math\pgfmathparser.code.tex
\pgfmath@dimen=\dimen169
\pgfmath@count=\count292
\pgfmath@box=\box54
\pgfmath@toks=\toks30
\pgfmath@stack@operand=\toks31
\pgfmath@stack@operation=\toks32
) (C:\Users\antwa\AppData\Local\Programs\MiKTeX\tex/generic/pgf/math\pgfmathfunctions.code.tex) (C:\Users\antwa\AppData\Local\Programs\MiKTeX\tex/generic/pgf/math\pgfmathfunctions.basic.code.tex) (C:\Users\antwa\AppData\Local\Programs\MiKTeX\tex/generic/pgf/math\pgfmathfunctions.trigonometric.code.tex) (C:\Users\antwa\AppData\Local\Programs\MiKTeX\tex/generic/pgf/math\pgfmathfunctions.random.code.tex) (C:\Users\antwa\AppData\Local\Programs\MiKTeX\tex/generic/pgf/math\pgfmathfunctions.comparison.code.tex) (C:\Users\antwa\AppData\Local\Programs\MiKTeX\tex/generic/pgf/math\pgfmathfunctions.base.code.tex) (C:\Users\antwa\AppData\Local\Programs\MiKTeX\tex/generic/pgf/math\pgfmathfunctions.round.code.tex) (C:\Users\antwa\AppData\Local\Programs\MiKTeX\tex/generic/pgf/math\pgfmathfunctions.misc.code.tex) (C:\Users\antwa\AppData\Local\Programs\MiKTeX\tex/generic/pgf/math\pgfmathfunctions.integerarithmetics.code.tex) (C:\Users\antwa\AppData\Local\Programs\MiKTeX\tex/generic/pgf/math\pgfmathcalc.code.tex) (C:\Users\antwa\AppData\Local\Programs\MiKTeX\tex/generic/pgf/math\pgfmathfloat.code.tex
\c@pgfmathroundto@lastzeros=\count293
)) (C:\Users\antwa\AppData\Local\Programs\MiKTeX\tex/generic/pgf/math\pgfint.code.tex) (C:\Users\antwa\AppData\Local\Programs\MiKTeX\tex/generic/pgf/basiclayer\pgfcorepoints.code.tex
File: pgfcorepoints.code.tex 2023-01-15 v3.1.10 (3.1.10)
\pgf@picminx=\dimen170
\pgf@picmaxx=\dimen171
\pgf@picminy=\dimen172
\pgf@picmaxy=\dimen173
\pgf@pathminx=\dimen174
\pgf@pathmaxx=\dimen175
\pgf@pathminy=\dimen176
\pgf@pathmaxy=\dimen177
\pgf@xx=\dimen178
\pgf@xy=\dimen179
\pgf@yx=\dimen180
\pgf@yy=\dimen181
\pgf@zx=\dimen182
\pgf@zy=\dimen183
) (C:\Users\antwa\AppData\Local\Programs\MiKTeX\tex/generic/pgf/basiclayer\pgfcorepathconstruct.code.tex
File: pgfcorepathconstruct.code.tex 2023-01-15 v3.1.10 (3.1.10)
\pgf@path@lastx=\dimen184
\pgf@path@lasty=\dimen185
) (C:\Users\antwa\AppData\Local\Programs\MiKTeX\tex/generic/pgf/basiclayer\pgfcorepathusage.code.tex
File: pgfcorepathusage.code.tex 2023-01-15 v3.1.10 (3.1.10)
\pgf@shorten@end@additional=\dimen186
\pgf@shorten@start@additional=\dimen187
) (C:\Users\antwa\AppData\Local\Programs\MiKTeX\tex/generic/pgf/basiclayer\pgfcorescopes.code.tex
File: pgfcorescopes.code.tex 2023-01-15 v3.1.10 (3.1.10)
\pgfpic=\box55
\pgf@hbox=\box56
\pgf@layerbox@main=\box57
\pgf@picture@serial@count=\count294
) (C:\Users\antwa\AppData\Local\Programs\MiKTeX\tex/generic/pgf/basiclayer\pgfcoregraphicstate.code.tex
File: pgfcoregraphicstate.code.tex 2023-01-15 v3.1.10 (3.1.10)
\pgflinewidth=\dimen188
) (C:\Users\antwa\AppData\Local\Programs\MiKTeX\tex/generic/pgf/basiclayer\pgfcoretransformations.code.tex
File: pgfcoretransformations.code.tex 2023-01-15 v3.1.10 (3.1.10)
\pgf@pt@x=\dimen189
\pgf@pt@y=\dimen190
\pgf@pt@temp=\dimen191
) (C:\Users\antwa\AppData\Local\Programs\MiKTeX\tex/generic/pgf/basiclayer\pgfcorequick.code.tex
File: pgfcorequick.code.tex 2023-01-15 v3.1.10 (3.1.10)
) (C:\Users\antwa\AppData\Local\Programs\MiKTeX\tex/generic/pgf/basiclayer\pgfcoreobjects.code.tex
File: pgfcoreobjects.code.tex 2023-01-15 v3.1.10 (3.1.10)
) (C:\Users\antwa\AppData\Local\Programs\MiKTeX\tex/generic/pgf/basiclayer\pgfcorepathprocessing.code.tex
File: pgfcorepathprocessing.code.tex 2023-01-15 v3.1.10 (3.1.10)
) (C:\Users\antwa\AppData\Local\Programs\MiKTeX\tex/generic/pgf/basiclayer\pgfcorearrows.code.tex
File: pgfcorearrows.code.tex 2023-01-15 v3.1.10 (3.1.10)
\pgfarrowsep=\dimen192
) (C:\Users\antwa\AppData\Local\Programs\MiKTeX\tex/generic/pgf/basiclayer\pgfcoreshade.code.tex
File: pgfcoreshade.code.tex 2023-01-15 v3.1.10 (3.1.10)
\pgf@max=\dimen193
\pgf@sys@shading@range@num=\count295
\pgf@shadingcount=\count296
) (C:\Users\antwa\AppData\Local\Programs\MiKTeX\tex/generic/pgf/basiclayer\pgfcoreimage.code.tex
File: pgfcoreimage.code.tex 2023-01-15 v3.1.10 (3.1.10)
) (C:\Users\antwa\AppData\Local\Programs\MiKTeX\tex/generic/pgf/basiclayer\pgfcoreexternal.code.tex
File: pgfcoreexternal.code.tex 2023-01-15 v3.1.10 (3.1.10)
\pgfexternal@startupbox=\box58
) (C:\Users\antwa\AppData\Local\Programs\MiKTeX\tex/generic/pgf/basiclayer\pgfcorelayers.code.tex
File: pgfcorelayers.code.tex 2023-01-15 v3.1.10 (3.1.10)
) (C:\Users\antwa\AppData\Local\Programs\MiKTeX\tex/generic/pgf/basiclayer\pgfcoretransparency.code.tex
File: pgfcoretransparency.code.tex 2023-01-15 v3.1.10 (3.1.10)
) (C:\Users\antwa\AppData\Local\Programs\MiKTeX\tex/generic/pgf/basiclayer\pgfcorepatterns.code.tex
File: pgfcorepatterns.code.tex 2023-01-15 v3.1.10 (3.1.10)
) (C:\Users\antwa\AppData\Local\Programs\MiKTeX\tex/generic/pgf/basiclayer\pgfcorerdf.code.tex
File: pgfcorerdf.code.tex 2023-01-15 v3.1.10 (3.1.10)
))) (C:\Users\antwa\AppData\Local\Programs\MiKTeX\tex/generic/pgf/modules\pgfmoduleshapes.code.tex
File: pgfmoduleshapes.code.tex 2023-01-15 v3.1.10 (3.1.10)
\pgfnodeparttextbox=\box59
) (C:\Users\antwa\AppData\Local\Programs\MiKTeX\tex/generic/pgf/modules\pgfmoduleplot.code.tex
File: pgfmoduleplot.code.tex 2023-01-15 v3.1.10 (3.1.10)
) (C:\Users\antwa\AppData\Local\Programs\MiKTeX\tex/latex/pgf/compatibility\pgfcomp-version-0-65.sty
Package: pgfcomp-version-0-65 2023-01-15 v3.1.10 (3.1.10)
\pgf@nodesepstart=\dimen194
\pgf@nodesepend=\dimen195
) (C:\Users\antwa\AppData\Local\Programs\MiKTeX\tex/latex/pgf/compatibility\pgfcomp-version-1-18.sty
Package: pgfcomp-version-1-18 2023-01-15 v3.1.10 (3.1.10)
)) (C:\Users\antwa\AppData\Local\Programs\MiKTeX\tex/latex/pgf/utilities\pgffor.sty (C:\Users\antwa\AppData\Local\Programs\MiKTeX\tex/latex/pgf/utilities\pgfkeys.sty (C:\Users\antwa\AppData\Local\Programs\MiKTeX\tex/generic/pgf/utilities\pgfkeys.code.tex)) (C:\Users\antwa\AppData\Local\Programs\MiKTeX\tex/latex/pgf/math\pgfmath.sty (C:\Users\antwa\AppData\Local\Programs\MiKTeX\tex/generic/pgf/math\pgfmath.code.tex)) (C:\Users\antwa\AppData\Local\Programs\MiKTeX\tex/generic/pgf/utilities\pgffor.code.tex
Package: pgffor 2023-01-15 v3.1.10 (3.1.10)
\pgffor@iter=\dimen196
\pgffor@skip=\dimen197
\pgffor@stack=\toks33
\pgffor@toks=\toks34
)) (C:\Users\antwa\AppData\Local\Programs\MiKTeX\tex/generic/pgf/frontendlayer/tikz\tikz.code.tex
Package: tikz 2023-01-15 v3.1.10 (3.1.10)
 (C:\Users\antwa\AppData\Local\Programs\MiKTeX\tex/generic/pgf/libraries\pgflibraryplothandlers.code.tex
File: pgflibraryplothandlers.code.tex 2023-01-15 v3.1.10 (3.1.10)
\pgf@plot@mark@count=\count297
\pgfplotmarksize=\dimen198
)
\tikz@lastx=\dimen199
\tikz@lasty=\dimen256
\tikz@lastxsaved=\dimen257
\tikz@lastysaved=\dimen258
\tikz@lastmovetox=\dimen259
\tikz@lastmovetoy=\dimen260
\tikzleveldistance=\dimen261
\tikzsiblingdistance=\dimen262
\tikz@figbox=\box60
\tikz@figbox@bg=\box61
\tikz@tempbox=\box62
\tikz@tempbox@bg=\box63
\tikztreelevel=\count298
\tikznumberofchildren=\count299
\tikznumberofcurrentchild=\count300
\tikz@fig@count=\count301
 (C:\Users\antwa\AppData\Local\Programs\MiKTeX\tex/generic/pgf/modules\pgfmodulematrix.code.tex
File: pgfmodulematrix.code.tex 2023-01-15 v3.1.10 (3.1.10)
\pgfmatrixcurrentrow=\count302
\pgfmatrixcurrentcolumn=\count303
\pgf@matrix@numberofcolumns=\count304
)
\tikz@expandcount=\count305
 (C:\Users\antwa\AppData\Local\Programs\MiKTeX\tex/generic/pgf/frontendlayer/tikz/libraries\tikzlibrarytopaths.code.tex
File: tikzlibrarytopaths.code.tex 2023-01-15 v3.1.10 (3.1.10)
))) (C:\Users\antwa\AppData\Local\Programs\MiKTeX\tex/latex/tools\verbatim.sty
Package: verbatim 2024-01-22 v1.5x LaTeX2e package for verbatim enhancements
\every@verbatim=\toks35
\verbatim@line=\toks36
\verbatim@in@stream=\read3
) (C:\Users\antwa\AppData\Local\Programs\MiKTeX\tex/latex/environ\environ.sty
Package: environ 2014/05/04 v0.3 A new way to define environments
 (C:\Users\antwa\AppData\Local\Programs\MiKTeX\tex/latex/trimspaces\trimspaces.sty
Package: trimspaces 2009/09/17 v1.1 Trim spaces around a token list
)
\@envbody=\toks37
)
\tcb@titlebox=\box64
\tcb@upperbox=\box65
\tcb@lowerbox=\box66
\tcb@phantombox=\box67
\c@tcbbreakpart=\count306
\c@tcblayer=\count307
\c@tcolorbox@number=\count308
\l__tcobox_tmpa_box=\box68
\l__tcobox_tmpa_dim=\dimen263
\tcb@temp=\box69
\tcb@temp=\box70
\tcb@temp=\box71
\tcb@temp=\box72
)
(C:\Users\antwa\AppData\Local\Programs\MiKTeX\tex/latex/enumitem\enumitem.sty
Package: enumitem 2019/06/20 v3.9 Customized lists
\labelindent=\skip53
\enit@outerparindent=\dimen264
\enit@toks=\toks38
\enit@inbox=\box73
\enit@count@id=\count309
\enitdp@description=\count310
) (C:\Users\antwa\AppData\Local\Programs\MiKTeX\tex/latex/qrcode\qrcode.sty
Package: qrcode 2015/01/08 v1.51 QR code generation
 (C:\Users\antwa\AppData\Local\Programs\MiKTeX\tex/latex/xkeyval\xkeyval.sty
Package: xkeyval 2022/06/16 v2.9 package option processing (HA)
 (C:\Users\antwa\AppData\Local\Programs\MiKTeX\tex/generic/xkeyval\xkeyval.tex (C:\Users\antwa\AppData\Local\Programs\MiKTeX\tex/generic/xkeyval\xkvutils.tex
\XKV@toks=\toks39
\XKV@tempa@toks=\toks40
)
\XKV@depth=\count311
File: xkeyval.tex 2014/12/03 v2.7a key=value parser (HA)
))
\c@qr@i=\count312
\c@qr@j=\count313
\qr@a=\count314
\qr@b=\count315
\qr@c=\count316
\qr@for@depth=\count317
\qr@for@maxdepth=\count318
\qr@for@start=\count319
\qr@for@end=\count320
\qr@for@step=\count321
\qr@newforcount=\count322
\qr@newforcount=\count323
\qr@desiredheight=\skip54
\qr@modulesize=\skip55
\qr@minipagewidth=\skip56
\c@maski=\count324
\c@maskj=\count325
\c@totalones=\count326
\c@penaltyi=\count327
\c@penaltyii=\count328
\c@penaltyiii=\count329
\c@penaltyiv=\count330
\c@qr@hexchars=\count331
\qr@newforcount=\count332
\c@qr@divisionsremaining=\count333
) (C:\Users\antwa\AppData\Local\Programs\MiKTeX\tex/latex/pdfpages\pdfpages.sty
Package: pdfpages 2024/08/20 v0.6b Insert pages of external PDF documents (AM)
 (C:\Users\antwa\AppData\Local\Programs\MiKTeX\tex/latex/base\ifthen.sty
Package: ifthen 2024/03/16 v1.1e Standard LaTeX ifthen package (DPC)
) (C:\Users\antwa\AppData\Local\Programs\MiKTeX\tex/latex/tools\calc.sty
Package: calc 2023/07/08 v4.3 Infix arithmetic (KKT,FJ)
\calc@Acount=\count334
\calc@Bcount=\count335
\calc@Adimen=\dimen265
\calc@Bdimen=\dimen266
\calc@Askip=\skip57
\calc@Bskip=\skip58
LaTeX Info: Redefining \setlength on input line 80.
LaTeX Info: Redefining \addtolength on input line 81.
\calc@Ccount=\count336
\calc@Cskip=\skip59
) (C:\Users\antwa\AppData\Local\Programs\MiKTeX\tex/latex/eso-pic\eso-pic.sty
Package: eso-pic 2023/05/03 v3.0c eso-pic (RN)
\ESO@tempdima=\dimen267
\ESO@tempdimb=\dimen268
)
\AM@pagewidth=\dimen269
\AM@pageheight=\dimen270
\AM@fboxrule=\dimen271
 (C:\Users\antwa\AppData\Local\Programs\MiKTeX\tex/latex/pdfpages\pppdftex.def
File: pppdftex.def 2024/08/20 v0.6b Pdfpages driver for pdfTeX (AM)
)
\pdfpages@includegraphics@status=\count337
\AM@pagebox=\box74
\AM@global@opts=\toks41
\AM@pagecnt=\count338
\AM@toc@title=\toks42
\AM@lof@heading=\toks43
\c@AM@survey=\count339
\AM@templatesizebox=\box75
) (C:\Users\antwa\AppData\Local\Programs\MiKTeX\tex/generic/babel\babel.sty
Package: babel 2024/08/29 v24.9 The Babel package
\babel@savecnt=\count340
\U@D=\dimen272
\l@unhyphenated=\language79
 (C:\Users\antwa\AppData\Local\Programs\MiKTeX\tex/generic/babel\txtbabel.def)
\bbl@readstream=\read4
\bbl@dirlevel=\count341

*************************************
* Local config file bblopts.cfg used
*
(C:\Users\antwa\AppData\Local\Programs\MiKTeX\tex/latex/arabi\bblopts.cfg
File: bblopts.cfg 2005/09/08 v0.1 add Arabic and Farsi to "declared" options of babel
) (C:\Users\antwa\AppData\Local\Programs\MiKTeX\tex/latex/babel-english\english.ldf
Language: english 2017/06/06 v3.3r English support from the babel system
Package babel Info: Hyphen rules for 'canadian' set to \l@english
(babel)             (\language0). Reported on input line 102.
Package babel Info: Hyphen rules for 'australian' set to \l@ukenglish
(babel)             (\language73). Reported on input line 105.
Package babel Info: Hyphen rules for 'newzealand' set to \l@ukenglish
(babel)             (\language73). Reported on input line 108.
) (C:\Users\antwa\AppData\Local\Programs\MiKTeX\tex/generic/babel-french\french.ldf
Language: french 2024-07-25 v3.6c French support from the babel system
Package babel Info: Hyphen rules for 'acadian' set to \l@french
(babel)             (\language22). Reported on input line 91.
Package babel Info: Hyphen rules for 'canadien' set to \l@french
(babel)             (\language22). Reported on input line 92.
\FB@stdchar=\count342
Package babel Info: Making : an active character on input line 421.
Package babel Info: Making ; an active character on input line 422.
Package babel Info: Making ! an active character on input line 423.
Package babel Info: Making ? an active character on input line 424.
\FBguill@level=\count343
\FBold@everypar=\toks44
\FB@Mht=\dimen273
\mc@charclass=\count344
\mc@charfam=\count345
\mc@charslot=\count346
\std@mcc=\count347
\dec@mcc=\count348
\FB@parskip=\dimen274
\listindentFB=\dimen275
\descindentFB=\dimen276
\labelindentFB=\dimen277
\labelwidthFB=\dimen278
\leftmarginFB=\dimen279
\parindentFFN=\dimen280
\FBfnindent=\dimen281
)) (C:\Users\antwa\AppData\Local\Programs\MiKTeX\tex/generic/babel/locale/fr\babel-french.tex
Package babel Info: Importing font and identification data for french
(babel)             from babel-fr.ini. Reported on input line 11.
) (C:\Users\antwa\AppData\Local\Programs\MiKTeX\tex/generic/babel/locale/en\babel-english.tex
Package babel Info: Importing font and identification data for english
(babel)             from babel-en.ini. Reported on input line 11.
) (C:\Users\antwa\AppData\Local\Programs\MiKTeX\tex/latex/carlisle\scalefnt.sty) (C:\Users\antwa\AppData\Local\Programs\MiKTeX\tex/latex/tools\multicol.sty
Package: multicol 2024/05/23 v1.9h multicolumn formatting (FMi)
\c@tracingmulticols=\count349
\mult@box=\box76
\multicol@leftmargin=\dimen282
\c@unbalance=\count350
\c@collectmore=\count351
\doublecol@number=\count352
\multicoltolerance=\count353
\multicolpretolerance=\count354
\full@width=\dimen283
\page@free=\dimen284
\premulticols=\dimen285
\postmulticols=\dimen286
\multicolsep=\skip60
\multicolbaselineskip=\skip61
\partial@page=\box77
\last@line=\box78
\mc@boxedresult=\box79
\maxbalancingoverflow=\dimen287
\mult@rightbox=\box80
\mult@grightbox=\box81
\mult@firstbox=\box82
\mult@gfirstbox=\box83
\@tempa=\box84
\@tempa=\box85
\@tempa=\box86
\@tempa=\box87
\@tempa=\box88
\@tempa=\box89
\@tempa=\box90
\@tempa=\box91
\@tempa=\box92
\@tempa=\box93
\@tempa=\box94
\@tempa=\box95
\@tempa=\box96
\@tempa=\box97
\@tempa=\box98
\@tempa=\box99
\@tempa=\box100
\@tempa=\box101
\@tempa=\box102
\@tempa=\box103
\@tempa=\box104
\@tempa=\box105
\@tempa=\box106
\@tempa=\box107
\@tempa=\box108
\@tempa=\box109
\@tempa=\box110
\@tempa=\box111
\@tempa=\box112
\@tempa=\box113
\@tempa=\box114
\@tempa=\box115
\@tempa=\box116
\@tempa=\box117
\@tempa=\box118
\@tempa=\box119
\c@minrows=\count355
\c@columnbadness=\count356
\c@finalcolumnbadness=\count357
\last@try=\dimen288
\multicolovershoot=\dimen289
\multicolundershoot=\dimen290
\mult@nat@firstbox=\box120
\colbreak@box=\box121
\mc@col@check@num=\count358
)
\ThumbSep=\skip62
\ThumbW=\skip63
LaTeX Font Info:    Trying to load font information for T1+lmr on input line 126.
 (C:\Users\antwa\AppData\Local\Programs\MiKTeX\tex/latex/lm\t1lmr.fd
File: t1lmr.fd 2015/05/01 v1.6.1 Font defs for Latin Modern
) (C:\Users\antwa\AppData\Local\Programs\MiKTeX\tex/latex/l3backend\l3backend-pdftex.def
File: l3backend-pdftex.def 2024-05-08 L3 backend support: PDF output (pdfTeX)
\l__color_backend_stack_int=\count359
\l__pdf_internal_box=\box122
) (Template_DocHub.aux <Reading QR code for "https://adierckx.github.io/NotesAndSummaries/Master/MA1/PHYS-F-412" at level 5-M from aux file.>
)
\openout1 = `Template_DocHub.aux'.

LaTeX Font Info:    Checking defaults for OML/cmm/m/it on input line 126.
LaTeX Font Info:    ... okay on input line 126.
LaTeX Font Info:    Checking defaults for OMS/cmsy/m/n on input line 126.
LaTeX Font Info:    ... okay on input line 126.
LaTeX Font Info:    Checking defaults for OT1/cmr/m/n on input line 126.
LaTeX Font Info:    ... okay on input line 126.
LaTeX Font Info:    Checking defaults for T1/cmr/m/n on input line 126.
LaTeX Font Info:    ... okay on input line 126.
LaTeX Font Info:    Checking defaults for TS1/cmr/m/n on input line 126.
LaTeX Font Info:    ... okay on input line 126.
LaTeX Font Info:    Checking defaults for OMX/cmex/m/n on input line 126.
LaTeX Font Info:    ... okay on input line 126.
LaTeX Font Info:    Checking defaults for U/cmr/m/n on input line 126.
LaTeX Font Info:    ... okay on input line 126.
LaTeX Font Info:    Checking defaults for PD1/pdf/m/n on input line 126.
LaTeX Font Info:    ... okay on input line 126.
LaTeX Font Info:    Checking defaults for PU/pdf/m/n on input line 126.
LaTeX Font Info:    ... okay on input line 126.

*geometry* driver: auto-detecting
*geometry* detected driver: pdftex
*geometry* verbose mode - [ preamble ] result:
* driver: pdftex
* paper: a4paper
* layout: <same size as paper>
* layoutoffset:(h,v)=(0.0pt,0.0pt)
* modes: 
* h-part:(L,W,R)=(71.13188pt, 455.24411pt, 71.13188pt)
* v-part:(T,H,B)=(71.13188pt, 702.78308pt, 71.13188pt)
* \paperwidth=597.50787pt
* \paperheight=845.04684pt
* \textwidth=455.24411pt
* \textheight=702.78308pt
* \oddsidemargin=-1.1381pt
* \evensidemargin=-1.1381pt
* \topmargin=-38.1381pt
* \headheight=12.0pt
* \headsep=25.0pt
* \topskip=11.0pt
* \footskip=30.0pt
* \marginparwidth=59.0pt
* \marginparsep=10.0pt
* \columnsep=10.0pt
* \skip\footins=10.0pt plus 4.0pt minus 2.0pt
* \hoffset=0.0pt
* \voffset=0.0pt
* \mag=1000
* \@twocolumnfalse
* \@twosidefalse
* \@mparswitchfalse
* \@reversemarginfalse
* (1in=72.27pt=25.4mm, 1cm=28.453pt)

LaTeX Info: Redefining \microtypecontext on input line 126.
Package microtype Info: Applying patch `item' on input line 126.
Package microtype Info: Applying patch `toc' on input line 126.
Package microtype Info: Applying patch `eqnum' on input line 126.
Package microtype Info: Applying patch `footnote' on input line 126.
Package microtype Info: Applying patch `verbatim' on input line 126.
LaTeX Info: Redefining \microtypesetup on input line 126.
Package microtype Info: Generating PDF output.
Package microtype Info: Character protrusion enabled (level 2).
Package microtype Info: Using default protrusion set `alltext'.
Package microtype Info: Automatic font expansion enabled (level 2),
(microtype)             stretch: 20, shrink: 20, step: 1, non-selected.
Package microtype Info: Using default expansion set `alltext-nott'.
Package microtype Info: Patching command `\showhyphens'.
Package microtype Info: No adjustment of tracking.
Package microtype Info: No adjustment of interword spacing.
Package microtype Info: No adjustment of character kerning.
(C:\Users\antwa\AppData\Local\Programs\MiKTeX\tex/latex/microtype\mt-cmr.cfg
File: mt-cmr.cfg 2013/05/19 v2.2 microtype config. file: Computer Modern Roman (RS)
) (C:\Users\antwa\AppData\Local\Programs\MiKTeX\tex/context/base/mkii\supp-pdf.mkii
[Loading MPS to PDF converter (version 2006.09.02).]
\scratchcounter=\count360
\scratchdimen=\dimen291
\scratchbox=\box123
\nofMPsegments=\count361
\nofMParguments=\count362
\everyMPshowfont=\toks45
\MPscratchCnt=\count363
\MPscratchDim=\dimen292
\MPnumerator=\count364
\makeMPintoPDFobject=\count365
\everyMPtoPDFconversion=\toks46
) (C:\Users\antwa\AppData\Local\Programs\MiKTeX\tex/latex/epstopdf-pkg\epstopdf-base.sty
Package: epstopdf-base 2020-01-24 v2.11 Base part for package epstopdf
Package epstopdf-base Info: Redefining graphics rule for `.eps' on input line 485.
 (C:\Users\antwa\AppData\Local\Programs\MiKTeX\tex/latex/00miktex\epstopdf-sys.cfg
File: epstopdf-sys.cfg 2021/03/18 v2.0 Configuration of epstopdf for MiKTeX
))
Package hyperref Info: Link coloring ON on input line 126.
 (Template_DocHub.out) (Template_DocHub.out)
\@outlinefile=\write4
\openout4 = `Template_DocHub.out'.

 (C:\Users\antwa\AppData\Local\Programs\MiKTeX\tex/latex/pdflscape\pdflscape.sty
Package: pdflscape 2022-10-27 v0.13 Display of landscape pages in PDF
 (C:\Users\antwa\AppData\Local\Programs\MiKTeX\tex/latex/pdflscape\pdflscape-nometadata.sty
Package: pdflscape-nometadata 2022-10-28 v0.13 Display of landscape pages in PDF (HO)
 (C:\Users\antwa\AppData\Local\Programs\MiKTeX\tex/latex/graphics\lscape.sty
Package: lscape 2020/05/28 v3.02 Landscape Pages (DPC)
)
Package pdflscape Info: Auto-detected driver: pdftex on input line 81.
))
LaTeX Info: Redefining \degres on input line 126.
Package french.ldf Info: Setting StandardItemizeEnv=true for
(french.ldf)             compatibility with enumitem package,
(french.ldf)             reported on input line 126.
Package french.ldf Info: Setting StandardEnumerateEnv=true for
(french.ldf)             compatibility with enumitem package,
(french.ldf)             reported on input line 126.
LaTeX Info: Redefining \up on input line 126.
LaTeX Font Info:    Trying to load font information for TS1+lmr on input line 133.
 (C:\Users\antwa\AppData\Local\Programs\MiKTeX\tex/latex/lm\ts1lmr.fd
File: ts1lmr.fd 2015/05/01 v1.6.1 Font defs for Latin Modern
) 

<QR code requested for "https://adierckx.github.io/NotesAndSummaries/Master/MA1/PHYS-F-412" in version 0-M.>
<Copying the QR code for "https://adierckx.github.io/NotesAndSummaries/Master/MA1/PHYS-F-412" in version 5-M as previously calculated.>
LaTeX Font Info:    Trying to load font information for OT1+lmr on input line 149.
(C:\Users\antwa\AppData\Local\Programs\MiKTeX\tex/latex/lm\ot1lmr.fd
File: ot1lmr.fd 2015/05/01 v1.6.1 Font defs for Latin Modern
)
LaTeX Font Info:    Trying to load font information for OML+lmm on input line 149.
 (C:\Users\antwa\AppData\Local\Programs\MiKTeX\tex/latex/lm\omllmm.fd
File: omllmm.fd 2015/05/01 v1.6.1 Font defs for Latin Modern
)
LaTeX Font Info:    Trying to load font information for OMS+lmsy on input line 149.
 (C:\Users\antwa\AppData\Local\Programs\MiKTeX\tex/latex/lm\omslmsy.fd
File: omslmsy.fd 2015/05/01 v1.6.1 Font defs for Latin Modern
)
LaTeX Font Info:    Trying to load font information for OMX+lmex on input line 149.
 (C:\Users\antwa\AppData\Local\Programs\MiKTeX\tex/latex/lm\omxlmex.fd
File: omxlmex.fd 2015/05/01 v1.6.1 Font defs for Latin Modern
)
LaTeX Font Info:    External font `lmex10' loaded for size
(Font)              <10.95> on input line 149.
LaTeX Font Info:    External font `lmex10' loaded for size
(Font)              <8> on input line 149.
LaTeX Font Info:    External font `lmex10' loaded for size
(Font)              <6> on input line 149.
LaTeX Font Info:    Trying to load font information for T1+lmtt on input line 150.
 (C:\Users\antwa\AppData\Local\Programs\MiKTeX\tex/latex/lm\t1lmtt.fd
File: t1lmtt.fd 2015/05/01 v1.6.1 Font defs for Latin Modern
)
Package microtype Info: Loading generic protrusion settings for font family
(microtype)             `lmtt' (encoding: T1).
(microtype)             For optimal results, create family-specific settings.
(microtype)             See the microtype manual for details.
LaTeX Font Info:    External font `lmex10' loaded for size
(Font)              <10> on input line 150.
LaTeX Font Info:    External font `lmex10' loaded for size
(Font)              <7> on input line 150.
LaTeX Font Info:    External font `lmex10' loaded for size
(Font)              <5> on input line 150.
<../Gallery/PLASMA/PLASMA - CH1.jpg, id=13, 1541.76pt x 1541.76pt>
File: ../Gallery/PLASMA/PLASMA - CH1.jpg Graphic file (type jpg)
<use ../Gallery/PLASMA/PLASMA - CH1.jpg>
Package pdftex.def Info: ../Gallery/PLASMA/PLASMA - CH1.jpg  used on input line 153.
(pdftex.def)             Requested size: 70.87401pt x 70.85829pt.
<../Gallery/PLASMA/PLASMA - CH2.jpg, id=14, 1541.76pt x 1541.76pt>
File: ../Gallery/PLASMA/PLASMA - CH2.jpg Graphic file (type jpg)
<use ../Gallery/PLASMA/PLASMA - CH2.jpg>
Package pdftex.def Info: ../Gallery/PLASMA/PLASMA - CH2.jpg  used on input line 153.
(pdftex.def)             Requested size: 70.87401pt x 70.85829pt.
<../Gallery/PLASMA/PLASMA - CH3.jpg, id=15, 1541.76pt x 1541.76pt>
File: ../Gallery/PLASMA/PLASMA - CH3.jpg Graphic file (type jpg)
<use ../Gallery/PLASMA/PLASMA - CH3.jpg>
Package pdftex.def Info: ../Gallery/PLASMA/PLASMA - CH3.jpg  used on input line 153.
(pdftex.def)             Requested size: 70.87401pt x 70.85829pt.
<../Gallery/PLASMA/PLASMA - CH4.jpg, id=16, 1541.76pt x 1541.76pt>
File: ../Gallery/PLASMA/PLASMA - CH4.jpg Graphic file (type jpg)
<use ../Gallery/PLASMA/PLASMA - CH4.jpg>
Package pdftex.def Info: ../Gallery/PLASMA/PLASMA - CH4.jpg  used on input line 153.
(pdftex.def)             Requested size: 70.87401pt x 70.85829pt.
<../Gallery/PLASMA/PLASMA - CH5.jpg, id=17, 1541.76pt x 1541.76pt>
File: ../Gallery/PLASMA/PLASMA - CH5.jpg Graphic file (type jpg)
<use ../Gallery/PLASMA/PLASMA - CH5.jpg>
Package pdftex.def Info: ../Gallery/PLASMA/PLASMA - CH5.jpg  used on input line 153.
(pdftex.def)             Requested size: 70.87401pt x 70.85829pt.
<../Gallery/PLASMA/PLASMA - CH6.jpg, id=18, 1541.76pt x 1541.76pt>
File: ../Gallery/PLASMA/PLASMA - CH6.jpg Graphic file (type jpg)
<use ../Gallery/PLASMA/PLASMA - CH6.jpg>
Package pdftex.def Info: ../Gallery/PLASMA/PLASMA - CH6.jpg  used on input line 153.
(pdftex.def)             Requested size: 70.87401pt x 70.85829pt.


[1

{C:/Users/antwa/AppData/Local/MiKTeX/fonts/map/pdftex/pdftex.map}{C:/Users/antwa/AppData/Local/Programs/MiKTeX/fonts/enc/dvips/lm/lm-ec.enc}{C:/Users/antwa/AppData/Local/Programs/MiKTeX/fonts/enc/dvips/lm/lm-ts1.enc} <../Gallery/PLASMA/PLASMA - CH1.jpg> <../Gallery/PLASMA/PLASMA - CH2.jpg> <../Gallery/PLASMA/PLASMA - CH3.jpg> <../Gallery/PLASMA/PLASMA - CH4.jpg> <../Gallery/PLASMA/PLASMA - CH5.jpg> <../Gallery/PLASMA/PLASMA - CH6.jpg>]
<../NotesAndSummaries/Master/MA1/PLASMA/PLASMA - CH1.pdf, id=32, 555.37486pt x 794.97pt>
File: ../NotesAndSummaries/Master/MA1/PLASMA/PLASMA - CH1.pdf Graphic file (type pdf)
<use ../NotesAndSummaries/Master/MA1/PLASMA/PLASMA - CH1.pdf>
Package pdftex.def Info: ../NotesAndSummaries/Master/MA1/PLASMA/PLASMA - CH1.pdf  used on input line 160.
(pdftex.def)             Requested size: 555.3735pt x 794.96806pt.
File: ../NotesAndSummaries/Master/MA1/PLASMA/PLASMA - CH1.pdf Graphic file (type pdf)
<use ../NotesAndSummaries/Master/MA1/PLASMA/PLASMA - CH1.pdf>
Package pdftex.def Info: ../NotesAndSummaries/Master/MA1/PLASMA/PLASMA - CH1.pdf  used on input line 160.
(pdftex.def)             Requested size: 555.3735pt x 794.96806pt.
<../NotesAndSummaries/Master/MA1/PLASMA/PLASMA - CH1.pdf, id=35, page=1, 555.37486pt x 794.97pt>
File: ../NotesAndSummaries/Master/MA1/PLASMA/PLASMA - CH1.pdf Graphic file (type pdf)
<use ../NotesAndSummaries/Master/MA1/PLASMA/PLASMA - CH1.pdf, page 1>
Package pdftex.def Info: ../NotesAndSummaries/Master/MA1/PLASMA/PLASMA - CH1.pdf , page1 used on input line 160.
(pdftex.def)             Requested size: 555.3735pt x 794.96806pt.
File: ../NotesAndSummaries/Master/MA1/PLASMA/PLASMA - CH1.pdf Graphic file (type pdf)
<use ../NotesAndSummaries/Master/MA1/PLASMA/PLASMA - CH1.pdf, page 1>
Package pdftex.def Info: ../NotesAndSummaries/Master/MA1/PLASMA/PLASMA - CH1.pdf , page1 used on input line 160.
(pdftex.def)             Requested size: 555.74637pt x 795.50179pt.
File: ../NotesAndSummaries/Master/MA1/PLASMA/PLASMA - CH1.pdf Graphic file (type pdf)
<use ../NotesAndSummaries/Master/MA1/PLASMA/PLASMA - CH1.pdf, page 1>
Package pdftex.def Info: ../NotesAndSummaries/Master/MA1/PLASMA/PLASMA - CH1.pdf , page1 used on input line 160.
(pdftex.def)             Requested size: 555.74637pt x 795.50179pt.
File: ../NotesAndSummaries/Master/MA1/PLASMA/PLASMA - CH1.pdf Graphic file (type pdf)
<use ../NotesAndSummaries/Master/MA1/PLASMA/PLASMA - CH1.pdf, page 1>
Package pdftex.def Info: ../NotesAndSummaries/Master/MA1/PLASMA/PLASMA - CH1.pdf , page1 used on input line 160.
(pdftex.def)             Requested size: 555.74637pt x 795.50179pt.


File: ../NotesAndSummaries/Master/MA1/PLASMA/PLASMA - CH1.pdf Graphic file (type pdf)
<use ../NotesAndSummaries/Master/MA1/PLASMA/PLASMA - CH1.pdf, page 1>
Package pdftex.def Info: ../NotesAndSummaries/Master/MA1/PLASMA/PLASMA - CH1.pdf , page1 used on input line 160.
(pdftex.def)             Requested size: 555.74637pt x 795.50179pt.
[2

 <../NotesAndSummaries/Master/MA1/PLASMA/PLASMA - CH1.pdf>]
<../NotesAndSummaries/Master/MA1/PLASMA/PLASMA - CH1.pdf, id=42, page=2, 531.18451pt x 794.97pt>
File: ../NotesAndSummaries/Master/MA1/PLASMA/PLASMA - CH1.pdf Graphic file (type pdf)
<use ../NotesAndSummaries/Master/MA1/PLASMA/PLASMA - CH1.pdf, page 2>
Package pdftex.def Info: ../NotesAndSummaries/Master/MA1/PLASMA/PLASMA - CH1.pdf , page2 used on input line 160.
(pdftex.def)             Requested size: 531.53983pt x 795.50179pt.
File: ../NotesAndSummaries/Master/MA1/PLASMA/PLASMA - CH1.pdf Graphic file (type pdf)
<use ../NotesAndSummaries/Master/MA1/PLASMA/PLASMA - CH1.pdf, page 2>
Package pdftex.def Info: ../NotesAndSummaries/Master/MA1/PLASMA/PLASMA - CH1.pdf , page2 used on input line 160.
(pdftex.def)             Requested size: 531.53983pt x 795.50179pt.


File: ../NotesAndSummaries/Master/MA1/PLASMA/PLASMA - CH1.pdf Graphic file (type pdf)
<use ../NotesAndSummaries/Master/MA1/PLASMA/PLASMA - CH1.pdf, page 2>
Package pdftex.def Info: ../NotesAndSummaries/Master/MA1/PLASMA/PLASMA - CH1.pdf , page2 used on input line 160.
(pdftex.def)             Requested size: 531.53983pt x 795.50179pt.
[3

 <../NotesAndSummaries/Master/MA1/PLASMA/PLASMA - CH1.pdf>]
<../NotesAndSummaries/Master/MA1/PLASMA/PLASMA - CH1.pdf, id=48, page=3, 556.0775pt x 794.97pt>
File: ../NotesAndSummaries/Master/MA1/PLASMA/PLASMA - CH1.pdf Graphic file (type pdf)
<use ../NotesAndSummaries/Master/MA1/PLASMA/PLASMA - CH1.pdf, page 3>
Package pdftex.def Info: ../NotesAndSummaries/Master/MA1/PLASMA/PLASMA - CH1.pdf , page3 used on input line 160.
(pdftex.def)             Requested size: 556.44948pt x 795.50179pt.
File: ../NotesAndSummaries/Master/MA1/PLASMA/PLASMA - CH1.pdf Graphic file (type pdf)
<use ../NotesAndSummaries/Master/MA1/PLASMA/PLASMA - CH1.pdf, page 3>
Package pdftex.def Info: ../NotesAndSummaries/Master/MA1/PLASMA/PLASMA - CH1.pdf , page3 used on input line 160.
(pdftex.def)             Requested size: 556.44948pt x 795.50179pt.


File: ../NotesAndSummaries/Master/MA1/PLASMA/PLASMA - CH1.pdf Graphic file (type pdf)
<use ../NotesAndSummaries/Master/MA1/PLASMA/PLASMA - CH1.pdf, page 3>
Package pdftex.def Info: ../NotesAndSummaries/Master/MA1/PLASMA/PLASMA - CH1.pdf , page3 used on input line 160.
(pdftex.def)             Requested size: 556.44948pt x 795.50179pt.
[4

 <../NotesAndSummaries/Master/MA1/PLASMA/PLASMA - CH1.pdf>]
<../NotesAndSummaries/Master/MA1/PLASMA/PLASMA - CH1.pdf, id=54, page=4, 529.98pt x 794.97pt>
File: ../NotesAndSummaries/Master/MA1/PLASMA/PLASMA - CH1.pdf Graphic file (type pdf)
<use ../NotesAndSummaries/Master/MA1/PLASMA/PLASMA - CH1.pdf, page 4>
Package pdftex.def Info: ../NotesAndSummaries/Master/MA1/PLASMA/PLASMA - CH1.pdf , page4 used on input line 160.
(pdftex.def)             Requested size: 530.3345pt x 795.50179pt.
File: ../NotesAndSummaries/Master/MA1/PLASMA/PLASMA - CH1.pdf Graphic file (type pdf)
<use ../NotesAndSummaries/Master/MA1/PLASMA/PLASMA - CH1.pdf, page 4>
Package pdftex.def Info: ../NotesAndSummaries/Master/MA1/PLASMA/PLASMA - CH1.pdf , page4 used on input line 160.
(pdftex.def)             Requested size: 530.3345pt x 795.50179pt.


File: ../NotesAndSummaries/Master/MA1/PLASMA/PLASMA - CH1.pdf Graphic file (type pdf)
<use ../NotesAndSummaries/Master/MA1/PLASMA/PLASMA - CH1.pdf, page 4>
Package pdftex.def Info: ../NotesAndSummaries/Master/MA1/PLASMA/PLASMA - CH1.pdf , page4 used on input line 160.
(pdftex.def)             Requested size: 530.3345pt x 795.50179pt.
[5

 <../NotesAndSummaries/Master/MA1/PLASMA/PLASMA - CH1.pdf>]
<../NotesAndSummaries/Master/MA1/PLASMA/PLASMA - CH1.pdf, id=60, page=5, 549.45277pt x 794.97pt>
File: ../NotesAndSummaries/Master/MA1/PLASMA/PLASMA - CH1.pdf Graphic file (type pdf)
<use ../NotesAndSummaries/Master/MA1/PLASMA/PLASMA - CH1.pdf, page 5>
Package pdftex.def Info: ../NotesAndSummaries/Master/MA1/PLASMA/PLASMA - CH1.pdf , page5 used on input line 160.
(pdftex.def)             Requested size: 549.82031pt x 795.50179pt.
File: ../NotesAndSummaries/Master/MA1/PLASMA/PLASMA - CH1.pdf Graphic file (type pdf)
<use ../NotesAndSummaries/Master/MA1/PLASMA/PLASMA - CH1.pdf, page 5>
Package pdftex.def Info: ../NotesAndSummaries/Master/MA1/PLASMA/PLASMA - CH1.pdf , page5 used on input line 160.
(pdftex.def)             Requested size: 549.82031pt x 795.50179pt.


File: ../NotesAndSummaries/Master/MA1/PLASMA/PLASMA - CH1.pdf Graphic file (type pdf)
<use ../NotesAndSummaries/Master/MA1/PLASMA/PLASMA - CH1.pdf, page 5>
Package pdftex.def Info: ../NotesAndSummaries/Master/MA1/PLASMA/PLASMA - CH1.pdf , page5 used on input line 160.
(pdftex.def)             Requested size: 549.82031pt x 795.50179pt.
[6

 <../NotesAndSummaries/Master/MA1/PLASMA/PLASMA - CH1.pdf>]
<../NotesAndSummaries/Master/MA1/PLASMA/PLASMA - CH1.pdf, id=66, page=6, 528.2736pt x 794.97pt>
File: ../NotesAndSummaries/Master/MA1/PLASMA/PLASMA - CH1.pdf Graphic file (type pdf)
<use ../NotesAndSummaries/Master/MA1/PLASMA/PLASMA - CH1.pdf, page 6>
Package pdftex.def Info: ../NotesAndSummaries/Master/MA1/PLASMA/PLASMA - CH1.pdf , page6 used on input line 160.
(pdftex.def)             Requested size: 528.62697pt x 795.50179pt.
File: ../NotesAndSummaries/Master/MA1/PLASMA/PLASMA - CH1.pdf Graphic file (type pdf)
<use ../NotesAndSummaries/Master/MA1/PLASMA/PLASMA - CH1.pdf, page 6>
Package pdftex.def Info: ../NotesAndSummaries/Master/MA1/PLASMA/PLASMA - CH1.pdf , page6 used on input line 160.
(pdftex.def)             Requested size: 528.62697pt x 795.50179pt.


File: ../NotesAndSummaries/Master/MA1/PLASMA/PLASMA - CH1.pdf Graphic file (type pdf)
<use ../NotesAndSummaries/Master/MA1/PLASMA/PLASMA - CH1.pdf, page 6>
Package pdftex.def Info: ../NotesAndSummaries/Master/MA1/PLASMA/PLASMA - CH1.pdf , page6 used on input line 160.
(pdftex.def)             Requested size: 528.62697pt x 795.50179pt.
[7

 <../NotesAndSummaries/Master/MA1/PLASMA/PLASMA - CH1.pdf>]
<../NotesAndSummaries/Master/MA1/PLASMA/PLASMA - CH1.pdf, id=73, page=7, 555.37486pt x 794.97pt>
File: ../NotesAndSummaries/Master/MA1/PLASMA/PLASMA - CH1.pdf Graphic file (type pdf)
<use ../NotesAndSummaries/Master/MA1/PLASMA/PLASMA - CH1.pdf, page 7>
Package pdftex.def Info: ../NotesAndSummaries/Master/MA1/PLASMA/PLASMA - CH1.pdf , page7 used on input line 160.
(pdftex.def)             Requested size: 555.74637pt x 795.50179pt.
File: ../NotesAndSummaries/Master/MA1/PLASMA/PLASMA - CH1.pdf Graphic file (type pdf)
<use ../NotesAndSummaries/Master/MA1/PLASMA/PLASMA - CH1.pdf, page 7>
Package pdftex.def Info: ../NotesAndSummaries/Master/MA1/PLASMA/PLASMA - CH1.pdf , page7 used on input line 160.
(pdftex.def)             Requested size: 555.74637pt x 795.50179pt.


File: ../NotesAndSummaries/Master/MA1/PLASMA/PLASMA - CH1.pdf Graphic file (type pdf)
<use ../NotesAndSummaries/Master/MA1/PLASMA/PLASMA - CH1.pdf, page 7>
Package pdftex.def Info: ../NotesAndSummaries/Master/MA1/PLASMA/PLASMA - CH1.pdf , page7 used on input line 160.
(pdftex.def)             Requested size: 555.74637pt x 795.50179pt.
[8

 <../NotesAndSummaries/Master/MA1/PLASMA/PLASMA - CH1.pdf>] (Template_DocHub.aux <Reading QR code for "https://adierckx.github.io/NotesAndSummaries/Master/MA1/PHYS-F-412" at level 5-M from aux file.>
)
 ***********
LaTeX2e <2024-06-01> patch level 2
L3 programming layer <2024-08-30>
 ***********
Package rerunfilecheck Info: File `Template_DocHub.out' has not changed.
(rerunfilecheck)             Checksum: D41D8CD98F00B204E9800998ECF8427E;0.
 ) 
Here is how much of TeX's memory you used:
 29187 strings out of 473899
 564248 string characters out of 5726500
 1057309 words of memory out of 5000000
 51526 multiletter control sequences out of 15000+600000
 619394 words of font info for 110 fonts, out of 8000000 for 9000
 1141 hyphenation exceptions out of 8191
 98i,17n,101p,1657b,645s stack positions out of 10000i,1000n,20000p,200000b,200000s
<C:/Users/antwa/AppData/Local/Programs/MiKTeX/fonts/type1/public/lm/lmbx10.pfb><C:/Users/antwa/AppData/Local/Programs/MiKTeX/fonts/type1/public/lm/lmbx12.pfb><C:/Users/antwa/AppData/Local/Programs/MiKTeX/fonts/type1/public/lm/lmr10.pfb><C:/Users/antwa/AppData/Local/Programs/MiKTeX/fonts/type1/public/lm/lmr9.pfb><C:/Users/antwa/AppData/Local/Programs/MiKTeX/fonts/type1/public/lm/lmri9.pfb><C:/Users/antwa/AppData/Local/Programs/MiKTeX/fonts/type1/public/lm/lmtt10.pfb>
Output written on Template_DocHub.pdf (8 pages, 4379762 bytes).
PDF statistics:
 113 PDF objects out of 1000 (max. 8388607)
 9 named destinations out of 1000 (max. 500000)
 37469 words of extra memory for PDF output out of 42996 (max. 10000000)

